#
# There is insufficient memory for the Java Runtime Environment to continue.
# Native memory allocation (mmap) failed to map 132120576 bytes for G1 virtual space
# Possible reasons:
#   The system is out of physical RAM or swap space
#   The process is running with CompressedOops enabled, and the Java Heap may be blocking the growth of the native heap
# Possible solutions:
#   Reduce memory load on the system
#   Increase physical memory or swap space
#   Check if swap backing store is full
#   Decrease Java heap size (-Xmx/-Xms)
#   Decrease number of Java threads
#   Decrease Java thread stack sizes (-Xss)
#   Set larger code cache with -XX:ReservedCodeCacheSize=
#   JVM is running with Unscaled Compressed Oops mode in which the Java heap is
#     placed in the first 4GB address space. The Java Heap base address is the
#     maximum limit for the native heap growth. Please use -XX:HeapBaseMinAddress
#     to set the Java Heap base and to place the Java Heap above 4GB virtual address.
# This output file may be truncated or incomplete.
#
#  Out of Memory Error (os_windows.cpp:3466), pid=28784, tid=22536
#
# JRE version:  (16.0.2+7) (build )
# Java VM: OpenJDK 64-Bit Server VM (16.0.2+7, mixed mode, sharing, tiered, compressed oops, compressed class ptrs, g1 gc, windows-amd64)
# No core dump will be written. Minidumps are not enabled by default on client versions of Windows
#

---------------  S U M M A R Y ------------

Command Line: -Dfile.encoding=UTF-8 --module-path=C:\Users\Admin\OneDrive\Pictures\Documents\NetBeansProjects\Manage_Hotel\build\classes manage_hotel.JLOG

Host: Intel(R) Core(TM) i5-10210U CPU @ 1.60GHz, 8 cores, 7G,  Windows 10 , 64 bit Build 23590 (10.0.23590.1000)
Time: Wed Nov 29 16:49:26 2023 SE Asia Standard Time elapsed time: 0.020336 seconds (0d 0h 0m 0s)

---------------  T H R E A D  ---------------

Current thread (0x000001e3419d9390):  JavaThread "Unknown thread" [_thread_in_vm, id=22536, stack(0x00000011ca000000,0x00000011ca100000)]

Stack: [0x00000011ca000000,0x00000011ca100000]
Native frames: (J=compiled Java code, j=interpreted, Vv=VM code, C=native code)
V  [jvm.dll+0x67918a]
V  [jvm.dll+0x82b819]
V  [jvm.dll+0x82cfce]
V  [jvm.dll+0x82d623]
V  [jvm.dll+0x24ec65]
V  [jvm.dll+0x675ed9]
V  [jvm.dll+0x66aaa5]
V  [jvm.dll+0x308ecb]
V  [jvm.dll+0x310046]
V  [jvm.dll+0x35ffde]
V  [jvm.dll+0x36020f]
V  [jvm.dll+0x2dfbb8]
V  [jvm.dll+0x2e0df4]
V  [jvm.dll+0x7fdb01]
V  [jvm.dll+0x36ddd1]
V  [jvm.dll+0x7db5c0]
V  [jvm.dll+0x3f290f]
V  [jvm.dll+0x3f46a1]
C  [jli.dll+0x52fb]
C  [ucrtbase.dll+0x29363]
C  [KERNEL32.DLL+0x1257d]
C  [ntdll.dll+0x5aa88]


---------------  P R O C E S S  ---------------

Threads class SMR info:
_java_thread_list=0x00007ffca19613b8, length=0, elements={
}

Java Threads: ( => current thread )

Other Threads:
  0x000001e341a18ac0 GCTaskThread "GC Thread#0" [stack: 0x00000011ca100000,0x00000011ca200000] [id=22448]
  0x000001e341a29700 ConcurrentGCThread "G1 Main Marker" [stack: 0x00000011ca200000,0x00000011ca300000] [id=20988]
  0x000001e341a2a1f0 ConcurrentGCThread "G1 Conc#0" [stack: 0x00000011ca300000,0x00000011ca400000] [id=26356]

[error occurred during error reporting (printing all threads), id 0xc0000005, EXCEPTION_ACCESS_VIOLATION (0xc0000005) at pc=0x00007ffca10c0ac7]

VM state: not at safepoint (not fully initialized)

VM Mutex/Monitor currently owned by a thread:  ([mutex/lock_event])
[0x000001e3419d5530] Heap_lock - owner thread: 0x000001e3419d9390

Heap address: 0x0000000082800000, size: 2008 MB, Compressed Oops mode: 32-bit

CDS archive(s) mapped at: [0x0000000000000000-0x0000000000000000-0x0000000000000000), size 0, SharedBaseAddress: 0x0000000800000000, ArchiveRelocationMode: 0.
Narrow klass base: 0x0000000000000000, Narrow klass shift: 0, Narrow klass range: 0x0

GC Precious Log:
<Empty>

Heap:
 garbage-first heap   total 0K, used 0K [0x0000000082800000, 0x0000000100000000)
  region size 1024K, 0 young (0K), 0 survivors (0K)

[error occurred during error reporting (printing heap information), id 0xc0000005, EXCEPTION_ACCESS_VIOLATION (0xc0000005) at pc=0x00007ffca14a320d]

GC Heap History (0 events):
No events

Deoptimization events (0 events):
No events

Classes unloaded (0 events):
No events

Classes redefined (0 events):
No events

Internal exceptions (0 events):
No events

Events (1 events):
Event: 0.014 Loaded shared library C:\Program Files\Eclipse Foundation\jdk-16.0.2.7-hotspot\bin\java.dll


Dynamic libraries:
0x00007ff7f95e0000 - 0x00007ff7f95ee000 	C:\Program Files\Eclipse Foundation\jdk-16.0.2.7-hotspot\bin\java.exe
0x00007ffd556f0000 - 0x00007ffd55907000 	C:\WINDOWS\SYSTEM32\ntdll.dll
0x00007ffd54a30000 - 0x00007ffd54af4000 	C:\WINDOWS\System32\KERNEL32.DLL
0x00007ffd52b90000 - 0x00007ffd52f3e000 	C:\WINDOWS\System32\KERNELBASE.dll
0x00007ffd530a0000 - 0x00007ffd531b1000 	C:\WINDOWS\System32\ucrtbase.dll
0x00007ffd41900000 - 0x00007ffd41918000 	C:\Program Files\Eclipse Foundation\jdk-16.0.2.7-hotspot\bin\jli.dll
0x00007ffd2f4b0000 - 0x00007ffd2f4c9000 	C:\Program Files\Eclipse Foundation\jdk-16.0.2.7-hotspot\bin\VCRUNTIME140.dll
0x00007ffd53800000 - 0x00007ffd539ad000 	C:\WINDOWS\System32\USER32.dll
0x00007ffd52f40000 - 0x00007ffd52f66000 	C:\WINDOWS\System32\win32u.dll
0x00007ffd32f10000 - 0x00007ffd331a3000 	C:\WINDOWS\WinSxS\amd64_microsoft.windows.common-controls_6595b64144ccf1df_6.0.23590.1000_none_ebcfe7d8fe46a426\COMCTL32.dll
0x00007ffd54be0000 - 0x00007ffd54c09000 	C:\WINDOWS\System32\GDI32.dll
0x00007ffd539d0000 - 0x00007ffd53a77000 	C:\WINDOWS\System32\msvcrt.dll
0x00007ffd52a70000 - 0x00007ffd52b88000 	C:\WINDOWS\System32\gdi32full.dll
0x00007ffd53330000 - 0x00007ffd533ca000 	C:\WINDOWS\System32\msvcp_win.dll
0x00007ffd54850000 - 0x00007ffd54881000 	C:\WINDOWS\System32\IMM32.DLL
0x00007ffd32390000 - 0x00007ffd3239c000 	C:\Program Files\Eclipse Foundation\jdk-16.0.2.7-hotspot\bin\vcruntime140_1.dll
0x00007ffcfc030000 - 0x00007ffcfc0c1000 	C:\Program Files\Eclipse Foundation\jdk-16.0.2.7-hotspot\bin\msvcp140.dll
0x00007ffca0dd0000 - 0x00007ffca1a07000 	C:\Program Files\Eclipse Foundation\jdk-16.0.2.7-hotspot\bin\server\jvm.dll
0x00007ffd55470000 - 0x00007ffd55520000 	C:\WINDOWS\System32\ADVAPI32.dll
0x00007ffd53750000 - 0x00007ffd537f6000 	C:\WINDOWS\System32\sechost.dll
0x00007ffd53620000 - 0x00007ffd53737000 	C:\WINDOWS\System32\RPCRT4.dll
0x00007ffd54680000 - 0x00007ffd54688000 	C:\WINDOWS\System32\PSAPI.DLL
0x00007ffd32560000 - 0x00007ffd32569000 	C:\WINDOWS\SYSTEM32\WSOCK32.dll
0x00007ffd50520000 - 0x00007ffd5052a000 	C:\WINDOWS\SYSTEM32\VERSION.dll
0x00007ffd4bcb0000 - 0x00007ffd4bce4000 	C:\WINDOWS\SYSTEM32\WINMM.dll
0x00007ffd54b60000 - 0x00007ffd54bd1000 	C:\WINDOWS\System32\WS2_32.dll
0x00007ffd51ab0000 - 0x00007ffd51ac8000 	C:\WINDOWS\SYSTEM32\kernel.appcore.dll
0x00007ffd31800000 - 0x00007ffd3180a000 	C:\Program Files\Eclipse Foundation\jdk-16.0.2.7-hotspot\bin\jimage.dll
0x00007ffd42a60000 - 0x00007ffd42c93000 	C:\WINDOWS\SYSTEM32\DBGHELP.DLL
0x00007ffd53db0000 - 0x00007ffd5413a000 	C:\WINDOWS\System32\combase.dll
0x00007ffd53cd0000 - 0x00007ffd53da7000 	C:\WINDOWS\System32\OLEAUT32.dll
0x00007ffd41c70000 - 0x00007ffd41ca2000 	C:\WINDOWS\SYSTEM32\dbgcore.DLL
0x00007ffd533d0000 - 0x00007ffd5344a000 	C:\WINDOWS\System32\bcryptPrimitives.dll
0x00007ffd2f440000 - 0x00007ffd2f465000 	C:\Program Files\Eclipse Foundation\jdk-16.0.2.7-hotspot\bin\java.dll

dbghelp: loaded successfully - version: 4.0.5 - missing functions: none
symbol engine: initialized successfully - sym options: 0x614 - pdb path: .;C:\Program Files\Eclipse Foundation\jdk-16.0.2.7-hotspot\bin;C:\WINDOWS\SYSTEM32;C:\WINDOWS\WinSxS\amd64_microsoft.windows.common-controls_6595b64144ccf1df_6.0.23590.1000_none_ebcfe7d8fe46a426;C:\Program Files\Eclipse Foundation\jdk-16.0.2.7-hotspot\bin\server

VM Arguments:
jvm_args: -Dfile.encoding=UTF-8 --module-path=C:\Users\Admin\OneDrive\Pictures\Documents\NetBeansProjects\Manage_Hotel\build\classes 
java_command: manage_hotel.JLOG
java_class_path (initial): C:\Users\Admin\OneDrive\Pictures\Documents\NetBeansProjects\java3\src\sqljdbc_7.4\enu\mssql-jdbc-7.4.1.jre8.jar;E:\EduSys_PS35584_1\mail.jar;C:\Program Files\NetBeans-16\netbeans\java\modules\ext\AbsoluteLayout.jar;C:\Users\Admin\OneDrive\Pictures\Documents\NetBeansProjects\Manage_Hotel\build\classes
Launcher Type: SUN_STANDARD

[Global flags]
     intx CICompilerCount                          = 4                                         {product} {ergonomic}
     uint ConcGCThreads                            = 2                                         {product} {ergonomic}
     uint G1ConcRefinementThreads                  = 8                                         {product} {ergonomic}
   size_t G1HeapRegionSize                         = 1048576                                   {product} {ergonomic}
    uintx GCDrainStackTargetSize                   = 64                                        {product} {ergonomic}
   size_t InitialHeapSize                          = 132120576                                 {product} {ergonomic}
   size_t MarkStackSize                            = 4194304                                   {product} {ergonomic}
   size_t MaxHeapSize                              = 2105540608                                {product} {ergonomic}
   size_t MinHeapDeltaBytes                        = 1048576                                   {product} {ergonomic}
   size_t MinHeapSize                              = 8388608                                   {product} {ergonomic}
    uintx NonNMethodCodeHeapSize                   = 5839372                                {pd product} {ergonomic}
    uintx NonProfiledCodeHeapSize                  = 122909434                              {pd product} {ergonomic}
    uintx ProfiledCodeHeapSize                     = 122909434                              {pd product} {ergonomic}
    uintx ReservedCodeCacheSize                    = 251658240                              {pd product} {ergonomic}
     bool SegmentedCodeCache                       = true                                      {product} {ergonomic}
   size_t SoftMaxHeapSize                          = 2105540608                             {manageable} {ergonomic}
     bool UseCompressedClassPointers               = true                           {product lp64_product} {ergonomic}
     bool UseCompressedOops                        = true                           {product lp64_product} {ergonomic}
     bool UseG1GC                                  = true                                      {product} {ergonomic}
     bool UseLargePagesIndividualAllocation        = false                                  {pd product} {ergonomic}

Logging:
Log output configuration:
 #0: stdout all=warning uptime,level,tags
 #1: stderr all=off uptime,level,tags

Environment Variables:
JAVA_HOME=C:\Program Files\Eclipse Adoptium\jre-8.0.382.5-hotspot\
PATH=C:\Program Files\Eclipse Adoptium\jre-8.0.382.5-hotspot\bin;C:\xampp\php;C:\Program Files (x86)\Common Files\Oracle\Java\javapath;C:\Program Files\Eclipse Foundation\jdk-16.0.2.7-hotspot\bin;C:\WINDOWS\system32;C:\WINDOWS;C:\WINDOWS\System32\Wbem;C:\WINDOWS\System32\WindowsPowerShell\v1.0\;C:\WINDOWS\System32\OpenSSH\;C:\Program Files\nodejs\;C:\Program Files\MySQL\MySQL Router 8.0\bin;C:\Program Files (x86)\Microsoft SQL Server\160\Tools\Binn\;C:\Program Files\Microsoft SQL Server\160\Tools\Binn\;C:\Program Files\Microsoft SQL Server\Client SDK\ODBC\170\Tools\Binn\;C:\Program Files\Microsoft SQL Server\160\DTS\Binn\;C:\Program Files (x86)\Microsoft SQL Server\160\DTS\Binn\;C:\Program Files\Azure Data Studio\bin;C:\Program Files\Git\cmd;C:\Program Files\MySQL\MySQL Shell 8.0\bin\;C:\Users\Admin\AppData\Local\Microsoft\WindowsApps;C:\Users\Admin\AppData\Roaming\npm;C:\Users\Admin\AppData\Local\Programs\Microsoft VS Code\bin;C:\Program Files\Azure Data Studio\bin;C:\php-8.2.9;
USERNAME=Admin
OS=Windows_NT
PROCESSOR_IDENTIFIER=Intel64 Family 6 Model 142 Stepping 12, GenuineIntel



---------------  S Y S T E M  ---------------

OS:
 Windows 10 , 64 bit Build 23590 (10.0.23590.1000)
OS uptime: 5 days 23:49 hours

CPU: total 8 (initial active 8) (4 cores per cpu, 2 threads per core) family 6 model 142 stepping 12 microcode 0xf0, cx8, cmov, fxsr, ht, mmx, 3dnowpref, sse, sse2, sse3, ssse3, sse4.1, sse4.2, popcnt, lzcnt, tsc, tscinvbit, avx, avx2, aes, erms, clmul, bmi1, bmi2, adx, fma, vzeroupper, clflush, clflushopt

Memory: 4k page, system-wide physical 8028M (260M free)
TotalPageFile size 32604M (AvailPageFile size 89M)
current process WorkingSet (physical memory assigned to process): 11M, peak: 11M
current process commit charge ("private bytes"): 60M, peak: 186M

vm_info: OpenJDK 64-Bit Server VM (16.0.2+7) for windows-amd64 JRE (16.0.2+7), built on Jul 22 2021 15:19:09 by "" with MS VC++ 16.7 (VS2019)

END.
